TN:
SF:/Users/ims/Desktop/notadd/notadd/apps/nest-upms/src/app.module.ts
FNF:0
FNH:0
DA:1,8
DA:2,8
DA:3,8
DA:4,8
DA:5,8
DA:6,8
DA:7,8
DA:8,8
DA:9,8
DA:10,8
DA:38,8
LF:11
LH:11
BRF:0
BRH:0
end_of_record
TN:
SF:/Users/ims/Desktop/notadd/notadd/apps/nest-upms/src/graphql.options.ts
FN:7,(anonymous_0)
FNF:1
FNH:0
FNDA:0,(anonymous_0)
DA:2,0
DA:3,0
DA:6,0
DA:8,0
LF:4
LH:0
BRF:0
BRH:0
end_of_record
TN:
SF:/Users/ims/Desktop/notadd/notadd/apps/nest-upms/src/graphql.schema.d.ts
FNF:0
FNH:0
LF:0
LH:0
BRF:0
BRH:0
end_of_record
TN:
SF:/Users/ims/Desktop/notadd/notadd/apps/nest-upms/src/index.ts
FNF:0
FNH:0
DA:1,7
DA:2,7
DA:3,7
LF:3
LH:3
BRF:0
BRH:0
end_of_record
TN:
SF:/Users/ims/Desktop/notadd/notadd/apps/nest-upms/src/main.ts
FN:3,bootstrap
FNF:1
FNH:0
FNDA:0,bootstrap
DA:1,0
DA:2,0
DA:4,0
DA:5,0
DA:7,0
LF:5
LH:0
BRF:0
BRH:0
end_of_record
TN:
SF:/Users/ims/Desktop/notadd/notadd/apps/nest-upms/src/auth/auth.module.ts
FN:21,(anonymous_0)
FN:29,(anonymous_1)
FNF:2
FNH:1
FNDA:8,(anonymous_0)
FNDA:0,(anonymous_1)
DA:1,8
DA:2,8
DA:3,8
DA:4,8
DA:17,8
DA:20,8
DA:22,8
DA:30,0
LF:8
LH:7
BRF:0
BRH:0
end_of_record
TN:
SF:/Users/ims/Desktop/notadd/notadd/apps/nest-upms/src/auth/index.ts
FNF:0
FNH:0
DA:1,8
DA:2,8
LF:2
LH:2
BRF:0
BRH:0
end_of_record
TN:
SF:/Users/ims/Desktop/notadd/notadd/apps/nest-upms/src/auth/core/index.ts
FNF:0
FNH:0
DA:1,8
DA:2,8
LF:2
LH:2
BRF:0
BRH:0
end_of_record
TN:
SF:/Users/ims/Desktop/notadd/notadd/apps/nest-upms/src/auth/core/jwt.strategy.ts
FN:6,(anonymous_0)
FNF:1
FNH:1
FNDA:8,(anonymous_0)
DA:2,8
DA:3,8
DA:4,8
DA:5,8
DA:7,8
LF:5
LH:5
BRF:0
BRH:0
end_of_record
TN:
SF:/Users/ims/Desktop/notadd/notadd/apps/nest-upms/src/auth/core/jwtAuth.guard.ts
FNF:0
FNH:0
DA:1,8
DA:2,8
DA:7,8
LF:3
LH:3
BRF:0
BRH:0
end_of_record
TN:
SF:/Users/ims/Desktop/notadd/notadd/apps/nest-upms/src/baseInfo/index.ts
FNF:0
FNH:0
DA:2,8
DA:3,8
DA:4,8
DA:5,8
DA:6,8
DA:7,8
DA:8,8
DA:9,8
DA:10,8
DA:11,8
DA:12,8
DA:13,8
DA:16,8
LF:13
LH:13
BRF:0
BRH:0
end_of_record
TN:
SF:/Users/ims/Desktop/notadd/notadd/apps/nest-upms/src/baseInfo/core/addon.service.ts
FNF:0
FNH:0
DA:1,8
DA:3,8
LF:2
LH:2
BRF:0
BRH:0
end_of_record
TN:
SF:/Users/ims/Desktop/notadd/notadd/apps/nest-upms/src/baseInfo/core/base.service.ts
FNF:0
FNH:0
DA:2,8
LF:1
LH:1
BRF:0
BRH:0
end_of_record
TN:
SF:/Users/ims/Desktop/notadd/notadd/apps/nest-upms/src/baseInfo/core/index.ts
FNF:0
FNH:0
DA:1,5
DA:2,5
DA:3,5
DA:4,5
DA:5,5
DA:6,5
DA:7,5
LF:7
LH:7
BRF:0
BRH:0
end_of_record
TN:
SF:/Users/ims/Desktop/notadd/notadd/apps/nest-upms/src/baseInfo/core/logger.service.ts
FNF:0
FNH:0
DA:1,8
DA:3,8
LF:2
LH:2
BRF:0
BRH:0
end_of_record
TN:
SF:/Users/ims/Desktop/notadd/notadd/apps/nest-upms/src/baseInfo/core/organization.service.ts
FNF:0
FNH:0
DA:1,8
DA:4,8
LF:2
LH:2
BRF:0
BRH:0
end_of_record
TN:
SF:/Users/ims/Desktop/notadd/notadd/apps/nest-upms/src/baseInfo/core/permission.service.ts
FNF:0
FNH:0
DA:1,8
DA:4,8
LF:2
LH:2
BRF:0
BRH:0
end_of_record
TN:
SF:/Users/ims/Desktop/notadd/notadd/apps/nest-upms/src/baseInfo/core/role.service.ts
FNF:0
FNH:0
DA:1,8
DA:4,8
LF:2
LH:2
BRF:0
BRH:0
end_of_record
TN:
SF:/Users/ims/Desktop/notadd/notadd/apps/nest-upms/src/baseInfo/core/user.service.ts
FNF:0
FNH:0
DA:2,8
DA:4,8
LF:2
LH:2
BRF:0
BRH:0
end_of_record
TN:
SF:/Users/ims/Desktop/notadd/notadd/apps/nest-upms/src/baseInfo/errors/error.ts
FN:4,(anonymous_0)
FN:10,(anonymous_1)
FN:16,(anonymous_2)
FN:22,(anonymous_3)
FN:28,(anonymous_4)
FN:34,(anonymous_5)
FN:40,(anonymous_6)
FN:46,(anonymous_7)
FN:52,(anonymous_8)
FN:58,(anonymous_9)
FN:64,(anonymous_10)
FN:70,(anonymous_11)
FN:76,(anonymous_12)
FN:82,(anonymous_13)
FN:88,(anonymous_14)
FNF:15
FNH:11
FNDA:0,(anonymous_0)
FNDA:1,(anonymous_1)
FNDA:3,(anonymous_2)
FNDA:1,(anonymous_3)
FNDA:0,(anonymous_4)
FNDA:1,(anonymous_5)
FNDA:0,(anonymous_6)
FNDA:1,(anonymous_7)
FNDA:0,(anonymous_8)
FNDA:2,(anonymous_9)
FNDA:1,(anonymous_10)
FNDA:1,(anonymous_11)
FNDA:1,(anonymous_12)
FNDA:1,(anonymous_13)
FNDA:1,(anonymous_14)
DA:1,8
DA:3,8
DA:4,0
DA:5,0
DA:9,8
DA:11,1
DA:15,8
DA:17,3
DA:21,8
DA:23,1
DA:27,8
DA:29,0
DA:33,8
DA:35,1
DA:39,8
DA:41,0
DA:45,8
DA:47,1
DA:51,8
DA:53,0
DA:57,8
DA:59,2
DA:63,8
DA:65,1
DA:69,8
DA:71,1
DA:75,8
DA:77,1
DA:81,8
DA:83,1
DA:87,8
DA:89,1
LF:32
LH:27
BRF:0
BRH:0
end_of_record
TN:
SF:/Users/ims/Desktop/notadd/notadd/apps/nest-upms/src/baseInfo/errors/role.error.ts
FN:4,(anonymous_0)
FN:10,(anonymous_1)
FN:15,(anonymous_2)
FN:20,(anonymous_3)
FN:25,(anonymous_4)
FN:31,(anonymous_5)
FN:36,(anonymous_6)
FN:41,(anonymous_7)
FN:46,(anonymous_8)
FN:51,(anonymous_9)
FNF:10
FNH:1
FNDA:0,(anonymous_0)
FNDA:0,(anonymous_1)
FNDA:3,(anonymous_2)
FNDA:0,(anonymous_3)
FNDA:0,(anonymous_4)
FNDA:0,(anonymous_5)
FNDA:0,(anonymous_6)
FNDA:0,(anonymous_7)
FNDA:0,(anonymous_8)
FNDA:0,(anonymous_9)
DA:1,8
DA:3,8
DA:4,0
DA:5,0
DA:9,8
DA:11,0
DA:14,8
DA:16,3
DA:19,8
DA:21,0
DA:24,8
DA:26,0
DA:30,8
DA:32,0
DA:35,8
DA:37,0
DA:40,8
DA:42,0
DA:45,8
DA:47,0
DA:50,8
DA:52,0
LF:22
LH:12
BRF:0
BRH:0
end_of_record
TN:
SF:/Users/ims/Desktop/notadd/notadd/apps/nest-upms/src/baseInfo/services/addon.service.impl.ts
FN:9,(anonymous_0)
FN:13,(anonymous_1)
FN:17,(anonymous_2)
FN:21,(anonymous_3)
FN:25,(anonymous_4)
FN:34,(anonymous_5)
FN:43,(anonymous_6)
FN:64,(anonymous_7)
FN:72,(anonymous_8)
FN:87,(anonymous_9)
FN:94,(anonymous_10)
FNF:11
FNH:5
FNDA:8,(anonymous_0)
FNDA:0,(anonymous_1)
FNDA:0,(anonymous_2)
FNDA:0,(anonymous_3)
FNDA:0,(anonymous_4)
FNDA:5,(anonymous_5)
FNDA:2,(anonymous_6)
FNDA:1,(anonymous_7)
FNDA:3,(anonymous_8)
FNDA:0,(anonymous_9)
FNDA:0,(anonymous_10)
DA:1,8
DA:2,8
DA:3,8
DA:4,8
DA:5,8
DA:7,8
DA:10,8
DA:11,8
DA:14,0
DA:18,0
DA:22,0
DA:26,0
DA:35,5
DA:44,2
DA:45,2
DA:46,1
DA:48,1
DA:49,1
DA:50,1
DA:54,1
DA:55,1
DA:56,1
DA:57,1
DA:65,1
DA:73,3
DA:74,1
DA:76,2
DA:77,1
DA:80,1
DA:88,0
DA:89,0
DA:91,0
DA:95,0
LF:33
LH:25
BRDA:45,0,0,1
BRDA:45,0,1,1
BRDA:48,1,0,0
BRDA:48,1,1,1
BRDA:49,2,0,1
BRDA:49,2,1,0
BRDA:50,3,0,0
BRDA:50,3,1,1
BRDA:54,4,0,0
BRDA:54,4,1,1
BRDA:55,5,0,0
BRDA:55,5,1,1
BRDA:56,6,0,0
BRDA:56,6,1,1
BRDA:56,7,0,1
BRDA:56,7,1,0
BRDA:73,8,0,1
BRDA:73,8,1,2
BRDA:73,9,0,3
BRDA:73,9,1,2
BRDA:73,9,2,2
BRDA:76,10,0,1
BRDA:76,10,1,1
BRDA:88,11,0,0
BRDA:88,11,1,0
BRF:25
BRH:16
end_of_record
TN:
SF:/Users/ims/Desktop/notadd/notadd/apps/nest-upms/src/baseInfo/services/logger.service.impl.ts
FN:7,(anonymous_0)
FN:12,(anonymous_1)
FN:23,(anonymous_2)
FN:34,(anonymous_3)
FN:45,(anonymous_4)
FN:60,(anonymous_5)
FN:67,(anonymous_6)
FNF:7
FNH:4
FNDA:8,(anonymous_0)
FNDA:2,(anonymous_1)
FNDA:0,(anonymous_2)
FNDA:0,(anonymous_3)
FNDA:1,(anonymous_4)
FNDA:1,(anonymous_5)
FNDA:0,(anonymous_6)
DA:1,8
DA:2,8
DA:3,8
DA:4,8
DA:5,8
DA:6,8
DA:7,8
DA:13,2
DA:14,2
DA:16,0
DA:24,0
DA:25,0
DA:27,0
DA:35,0
DA:36,0
DA:38,0
DA:46,1
DA:47,0
DA:48,0
DA:50,0
DA:51,0
DA:52,0
DA:53,0
DA:54,0
DA:61,1
DA:62,1
DA:64,0
DA:68,0
LF:28
LH:12
BRDA:35,0,0,0
BRDA:35,0,1,0
BRDA:47,1,0,0
BRDA:47,1,1,0
BRDA:50,2,0,0
BRDA:50,2,1,0
BRDA:51,3,0,0
BRDA:51,3,1,0
BRDA:52,4,0,0
BRDA:52,4,1,0
BRDA:53,5,0,0
BRDA:53,5,1,0
BRDA:61,6,0,1
BRDA:61,6,1,0
BRF:14
BRH:1
end_of_record
TN:
SF:/Users/ims/Desktop/notadd/notadd/apps/nest-upms/src/baseInfo/services/organization.service.impl.ts
FN:8,(anonymous_0)
FN:14,(anonymous_1)
FN:24,(anonymous_2)
FN:34,(anonymous_3)
FN:44,(anonymous_4)
FN:52,(anonymous_5)
FN:64,(anonymous_6)
FNF:7
FNH:4
FNDA:8,(anonymous_0)
FNDA:2,(anonymous_1)
FNDA:0,(anonymous_2)
FNDA:0,(anonymous_3)
FNDA:2,(anonymous_4)
FNDA:1,(anonymous_5)
FNDA:0,(anonymous_6)
DA:1,8
DA:2,8
DA:3,8
DA:4,8
DA:5,8
DA:7,8
DA:8,8
DA:15,2
DA:16,0
DA:18,2
DA:25,0
DA:26,0
DA:28,0
DA:35,0
DA:36,0
DA:38,0
DA:45,2
DA:53,1
DA:54,0
DA:55,0
DA:57,0
DA:58,0
DA:59,0
DA:60,0
DA:61,0
DA:65,0
LF:26
LH:11
BRDA:15,0,0,0
BRDA:15,0,1,2
BRDA:15,1,0,2
BRDA:15,1,1,2
BRDA:15,1,2,2
BRDA:25,2,0,0
BRDA:25,2,1,0
BRDA:35,3,0,0
BRDA:35,3,1,0
BRDA:54,4,0,0
BRDA:54,4,1,0
BRDA:57,5,0,0
BRDA:57,5,1,0
BRDA:58,6,0,0
BRDA:58,6,1,0
BRDA:59,7,0,0
BRDA:59,7,1,0
BRDA:60,8,0,0
BRDA:60,8,1,0
BRF:19
BRH:4
end_of_record
TN:
SF:/Users/ims/Desktop/notadd/notadd/apps/nest-upms/src/baseInfo/services/permission.service.impl.ts
FN:9,(anonymous_0)
FN:17,(anonymous_1)
FN:32,(anonymous_2)
FN:41,(anonymous_3)
FN:59,(anonymous_4)
FN:68,(anonymous_5)
FN:75,(anonymous_6)
FNF:7
FNH:5
FNDA:8,(anonymous_0)
FNDA:4,(anonymous_1)
FNDA:8,(anonymous_2)
FNDA:2,(anonymous_3)
FNDA:1,(anonymous_4)
FNDA:0,(anonymous_5)
FNDA:0,(anonymous_6)
DA:1,8
DA:2,8
DA:3,8
DA:4,8
DA:5,8
DA:7,8
DA:10,8
DA:11,8
DA:18,4
DA:19,1
DA:21,3
DA:22,2
DA:25,1
DA:33,8
DA:42,2
DA:43,0
DA:44,0
DA:46,0
DA:47,0
DA:48,0
DA:49,0
DA:50,0
DA:51,0
DA:52,0
DA:60,1
DA:69,0
DA:70,0
DA:72,0
DA:76,0
LF:29
LH:16
BRDA:18,0,0,1
BRDA:18,0,1,3
BRDA:18,1,0,4
BRDA:18,1,1,3
BRDA:18,1,2,3
BRDA:21,2,0,2
BRDA:21,2,1,1
BRDA:43,3,0,0
BRDA:43,3,1,0
BRDA:46,4,0,0
BRDA:46,4,1,0
BRDA:47,5,0,0
BRDA:47,5,1,0
BRDA:48,6,0,0
BRDA:48,6,1,0
BRDA:49,7,0,0
BRDA:49,7,1,0
BRDA:50,8,0,0
BRDA:50,8,1,0
BRDA:51,9,0,0
BRDA:51,9,1,0
BRDA:69,10,0,0
BRDA:69,10,1,0
BRF:23
BRH:7
end_of_record
TN:
SF:/Users/ims/Desktop/notadd/notadd/apps/nest-upms/src/baseInfo/services/role.service.impl.ts
FN:10,(anonymous_0)
FN:18,(anonymous_1)
FN:28,(anonymous_2)
FN:48,(anonymous_3)
FN:58,(anonymous_4)
FN:67,(anonymous_5)
FN:75,(anonymous_6)
FNF:7
FNH:5
FNDA:8,(anonymous_0)
FNDA:11,(anonymous_1)
FNDA:1,(anonymous_2)
FNDA:1,(anonymous_3)
FNDA:0,(anonymous_4)
FNDA:1,(anonymous_5)
FNDA:0,(anonymous_6)
DA:2,8
DA:3,8
DA:4,8
DA:5,8
DA:6,8
DA:9,8
DA:11,8
DA:12,8
DA:13,8
DA:19,11
DA:20,0
DA:22,11
DA:29,1
DA:30,1
DA:31,1
DA:33,0
DA:34,0
DA:35,0
DA:38,0
DA:40,1
DA:49,1
DA:50,1
DA:52,0
DA:59,0
DA:68,1
DA:69,1
DA:71,0
DA:76,0
LF:28
LH:19
BRDA:19,0,0,0
BRDA:19,0,1,11
BRDA:19,1,0,11
BRDA:19,1,1,11
BRDA:19,1,2,11
BRDA:30,2,0,1
BRDA:30,2,1,0
BRDA:34,3,0,0
BRDA:34,3,1,0
BRF:9
BRH:5
end_of_record
TN:
SF:/Users/ims/Desktop/notadd/notadd/apps/nest-upms/src/baseInfo/services/user.service.impl.ts
FN:10,(anonymous_0)
FN:20,(anonymous_1)
FN:54,(anonymous_2)
FN:67,(anonymous_3)
FN:87,(anonymous_4)
FN:95,(anonymous_5)
FN:102,(anonymous_6)
FNF:7
FNH:5
FNDA:8,(anonymous_0)
FNDA:8,(anonymous_1)
FNDA:2,(anonymous_2)
FNDA:2,(anonymous_3)
FNDA:4,(anonymous_4)
FNDA:0,(anonymous_5)
FNDA:0,(anonymous_6)
DA:1,8
DA:2,8
DA:3,8
DA:4,8
DA:5,8
DA:6,8
DA:8,8
DA:11,8
DA:12,8
DA:13,8
DA:14,8
DA:15,8
DA:21,8
DA:22,1
DA:25,7
DA:26,7
DA:27,1
DA:30,6
DA:31,6
DA:32,1
DA:34,5
DA:35,3
DA:37,2
DA:38,0
DA:40,2
DA:41,0
DA:48,2
DA:55,2
DA:56,1
DA:58,1
DA:68,2
DA:69,2
DA:70,1
DA:72,1
DA:73,1
DA:76,1
DA:77,1
DA:78,1
DA:79,1
DA:88,4
DA:96,0
DA:97,0
DA:99,0
DA:103,0
LF:44
LH:38
BRDA:21,0,0,1
BRDA:21,0,1,7
BRDA:21,1,0,8
BRDA:21,1,1,7
BRDA:21,1,2,7
BRDA:26,2,0,1
BRDA:26,2,1,6
BRDA:31,3,0,1
BRDA:31,3,1,5
BRDA:34,4,0,3
BRDA:34,4,1,2
BRDA:37,5,0,0
BRDA:37,5,1,2
BRDA:40,6,0,0
BRDA:40,6,1,2
BRDA:55,7,0,1
BRDA:55,7,1,1
BRDA:69,8,0,1
BRDA:69,8,1,1
BRDA:72,9,0,0
BRDA:72,9,1,1
BRDA:73,10,0,0
BRDA:73,10,1,1
BRDA:76,11,0,0
BRDA:76,11,1,1
BRDA:77,12,0,0
BRDA:77,12,1,1
BRDA:78,13,0,1
BRDA:78,13,1,0
BRDA:96,14,0,0
BRDA:96,14,1,0
BRF:31
BRH:22
end_of_record
TN:
SF:/Users/ims/Desktop/notadd/notadd/apps/nest-upms/src/casbin/adapter.ts
FN:7,(anonymous_0)
FN:19,(anonymous_1)
FN:22,(anonymous_2)
FN:25,(anonymous_3)
FN:26,(anonymous_4)
FN:27,(anonymous_5)
FNF:6
FNH:0
FNDA:0,(anonymous_0)
FNDA:0,(anonymous_1)
FNDA:0,(anonymous_2)
FNDA:0,(anonymous_3)
FNDA:0,(anonymous_4)
FNDA:0,(anonymous_5)
DA:2,0
DA:3,0
DA:4,0
DA:5,0
DA:6,0
DA:8,0
DA:9,0
DA:10,0
DA:11,0
DA:13,0
DA:20,0
DA:23,0
LF:12
LH:0
BRF:0
BRH:0
end_of_record
TN:
SF:/Users/ims/Desktop/notadd/notadd/apps/nest-upms/src/casbin/index.ts
FN:7,(anonymous_0)
FNF:1
FNH:1
FNDA:8,(anonymous_0)
DA:1,8
DA:2,8
DA:5,8
DA:8,8
DA:13,8
LF:5
LH:5
BRF:0
BRH:0
end_of_record
TN:
SF:/Users/ims/Desktop/notadd/notadd/apps/nest-upms/src/casbin/core/adapter.ts
FNF:0
FNH:0
DA:2,0
LF:1
LH:0
BRF:0
BRH:0
end_of_record
TN:
SF:/Users/ims/Desktop/notadd/notadd/apps/nest-upms/src/commonServices/index.ts
FNF:0
FNH:0
DA:1,8
DA:2,8
DA:4,8
LF:3
LH:3
BRF:0
BRH:0
end_of_record
TN:
SF:/Users/ims/Desktop/notadd/notadd/apps/nest-upms/src/commonServices/core/article.service.ts
FNF:0
FNH:0
DA:1,8
DA:4,8
LF:2
LH:2
BRF:0
BRH:0
end_of_record
TN:
SF:/Users/ims/Desktop/notadd/notadd/apps/nest-upms/src/commonServices/core/category.service.ts
FNF:0
FNH:0
DA:1,8
DA:4,8
LF:2
LH:2
BRF:0
BRH:0
end_of_record
TN:
SF:/Users/ims/Desktop/notadd/notadd/apps/nest-upms/src/commonServices/core/comment.service.ts
FNF:0
FNH:0
DA:1,8
DA:4,8
LF:2
LH:2
BRF:0
BRH:0
end_of_record
TN:
SF:/Users/ims/Desktop/notadd/notadd/apps/nest-upms/src/commonServices/core/common.base.service.ts
FNF:0
FNH:0
DA:2,8
LF:1
LH:1
BRF:0
BRH:0
end_of_record
TN:
SF:/Users/ims/Desktop/notadd/notadd/apps/nest-upms/src/commonServices/core/index.ts
FNF:0
FNH:0
DA:1,8
DA:2,8
DA:3,8
DA:4,8
DA:5,8
LF:5
LH:5
BRF:0
BRH:0
end_of_record
TN:
SF:/Users/ims/Desktop/notadd/notadd/apps/nest-upms/src/commonServices/core/member.service.ts
FNF:0
FNH:0
DA:2,0
DA:4,0
LF:2
LH:0
BRF:0
BRH:0
end_of_record
TN:
SF:/Users/ims/Desktop/notadd/notadd/apps/nest-upms/src/commonServices/core/message.service.ts
FNF:0
FNH:0
DA:1,8
DA:4,8
LF:2
LH:2
BRF:0
BRH:0
end_of_record
TN:
SF:/Users/ims/Desktop/notadd/notadd/apps/nest-upms/src/commonServices/core/post.service.ts
FNF:0
FNH:0
DA:1,0
DA:4,0
LF:2
LH:0
BRF:0
BRH:0
end_of_record
TN:
SF:/Users/ims/Desktop/notadd/notadd/apps/nest-upms/src/commonServices/core/postCategory.service.ts
FNF:0
FNH:0
DA:2,0
DA:4,0
LF:2
LH:0
BRF:0
BRH:0
end_of_record
TN:
SF:/Users/ims/Desktop/notadd/notadd/apps/nest-upms/src/commonServices/errors/error.ts
FN:4,(anonymous_0)
FN:10,(anonymous_1)
FN:16,(anonymous_2)
FNF:3
FNH:1
FNDA:0,(anonymous_0)
FNDA:2,(anonymous_1)
FNDA:0,(anonymous_2)
DA:1,8
DA:3,8
DA:4,0
DA:5,0
DA:9,8
DA:11,2
DA:15,8
DA:17,0
LF:8
LH:5
BRF:0
BRH:0
end_of_record
TN:
SF:/Users/ims/Desktop/notadd/notadd/apps/nest-upms/src/commonServices/errors/member.error.ts
FN:4,(anonymous_0)
FN:10,(anonymous_1)
FN:16,(anonymous_2)
FN:22,(anonymous_3)
FN:28,(anonymous_4)
FN:34,(anonymous_5)
FN:40,(anonymous_6)
FN:46,(anonymous_7)
FNF:8
FNH:0
FNDA:0,(anonymous_0)
FNDA:0,(anonymous_1)
FNDA:0,(anonymous_2)
FNDA:0,(anonymous_3)
FNDA:0,(anonymous_4)
FNDA:0,(anonymous_5)
FNDA:0,(anonymous_6)
FNDA:0,(anonymous_7)
DA:1,0
DA:3,0
DA:4,0
DA:5,0
DA:9,0
DA:11,0
DA:15,0
DA:17,0
DA:21,0
DA:23,0
DA:27,0
DA:29,0
DA:33,0
DA:35,0
DA:39,0
DA:41,0
DA:45,0
DA:47,0
LF:18
LH:0
BRF:0
BRH:0
end_of_record
TN:
SF:/Users/ims/Desktop/notadd/notadd/apps/nest-upms/src/commonServices/services/article.service.impl.ts
FN:9,(anonymous_0)
FN:17,(anonymous_1)
FN:26,(anonymous_2)
FN:34,(anonymous_3)
FN:42,(anonymous_4)
FN:52,(anonymous_5)
FNF:6
FNH:2
FNDA:8,(anonymous_0)
FNDA:0,(anonymous_1)
FNDA:0,(anonymous_2)
FNDA:0,(anonymous_3)
FNDA:2,(anonymous_4)
FNDA:0,(anonymous_5)
DA:1,8
DA:2,8
DA:3,8
DA:4,8
DA:5,8
DA:7,8
DA:10,8
DA:11,8
DA:18,0
DA:27,0
DA:28,0
DA:31,0
DA:35,0
DA:43,2
DA:44,2
DA:46,0
DA:47,0
DA:49,0
DA:53,0
LF:19
LH:10
BRDA:28,0,0,0
BRDA:28,0,1,0
BRDA:43,1,0,2
BRDA:43,1,1,0
BRDA:43,2,0,2
BRDA:43,2,1,1
BRDA:43,2,2,1
BRDA:46,3,0,0
BRDA:46,3,1,0
BRF:9
BRH:4
end_of_record
TN:
SF:/Users/ims/Desktop/notadd/notadd/apps/nest-upms/src/commonServices/services/member.service.impl.ts
FN:8,(anonymous_0)
FN:16,(anonymous_1)
FN:47,(anonymous_2)
FN:62,(anonymous_3)
FN:66,(anonymous_4)
FN:71,(anonymous_5)
FNF:6
FNH:0
FNDA:0,(anonymous_0)
FNDA:0,(anonymous_1)
FNDA:0,(anonymous_2)
FNDA:0,(anonymous_3)
FNDA:0,(anonymous_4)
FNDA:0,(anonymous_5)
DA:1,0
DA:2,0
DA:3,0
DA:4,0
DA:5,0
DA:7,0
DA:9,0
DA:10,0
DA:17,0
DA:18,0
DA:22,0
DA:23,0
DA:24,0
DA:27,0
DA:29,0
DA:30,0
DA:32,0
DA:33,0
DA:35,0
DA:36,0
DA:38,0
DA:39,0
DA:41,0
DA:49,0
DA:50,0
DA:53,0
DA:54,0
DA:56,0
DA:58,0
DA:63,0
DA:67,0
DA:72,0
LF:32
LH:0
BRDA:17,0,0,0
BRDA:17,0,1,0
BRDA:17,1,0,0
BRDA:17,1,1,0
BRDA:17,1,2,0
BRDA:17,1,3,0
BRDA:23,2,0,0
BRDA:23,2,1,0
BRDA:29,3,0,0
BRDA:29,3,1,0
BRDA:32,4,0,0
BRDA:32,4,1,0
BRDA:35,5,0,0
BRDA:35,5,1,0
BRDA:38,6,0,0
BRDA:38,6,1,0
BRDA:49,7,0,0
BRDA:49,7,1,0
BRDA:54,8,0,0
BRDA:54,8,1,0
BRF:20
BRH:0
end_of_record
TN:
SF:/Users/ims/Desktop/notadd/notadd/apps/nest-upms/src/core/error.ts
FN:2,(anonymous_0)
FNF:1
FNH:1
FNDA:19,(anonymous_0)
DA:1,8
DA:2,19
DA:3,19
LF:3
LH:3
BRF:0
BRH:0
end_of_record
TN:
SF:/Users/ims/Desktop/notadd/notadd/apps/nest-upms/src/core/index.ts
FNF:0
FNH:0
DA:1,8
DA:2,8
DA:4,8
DA:5,8
LF:4
LH:4
BRF:0
BRH:0
end_of_record
TN:
SF:/Users/ims/Desktop/notadd/notadd/apps/nest-upms/src/core/logger.ts
FN:10,(anonymous_0)
FN:11,(anonymous_1)
FN:12,(anonymous_2)
FN:13,(anonymous_3)
FN:14,(anonymous_4)
FNF:5
FNH:0
FNDA:0,(anonymous_0)
FNDA:0,(anonymous_1)
FNDA:0,(anonymous_2)
FNDA:0,(anonymous_3)
FNDA:0,(anonymous_4)
DA:1,8
DA:9,8
LF:2
LH:2
BRF:0
BRH:0
end_of_record
TN:
SF:/Users/ims/Desktop/notadd/notadd/apps/nest-upms/src/decorator/index.ts
FN:15,(anonymous_0)
FNF:1
FNH:0
FNDA:0,(anonymous_0)
DA:15,0
LF:1
LH:0
BRF:0
BRH:0
end_of_record
TN:
SF:/Users/ims/Desktop/notadd/notadd/apps/nest-upms/src/sso/auth.service.impl.ts
FN:8,(anonymous_0)
FN:12,(anonymous_1)
FNF:2
FNH:1
FNDA:8,(anonymous_0)
FNDA:0,(anonymous_1)
DA:1,8
DA:2,8
DA:3,8
DA:4,8
DA:7,8
DA:8,8
DA:9,8
DA:13,0
DA:14,0
DA:17,0
DA:18,0
DA:19,0
DA:20,0
LF:13
LH:7
BRF:0
BRH:0
end_of_record
TN:
SF:/Users/ims/Desktop/notadd/notadd/apps/nest-upms/src/sso/index.ts
FNF:0
FNH:0
DA:1,8
DA:2,8
LF:2
LH:2
BRF:0
BRH:0
end_of_record
TN:
SF:/Users/ims/Desktop/notadd/notadd/apps/nest-upms/src/sso/jwt.strategy.impl.ts
FN:17,(anonymous_1)
FNF:1
FNH:0
FNDA:0,(anonymous_1)
DA:4,8
DA:6,8
DA:10,8
DA:21,0
LF:4
LH:3
BRF:0
BRH:0
end_of_record
TN:
SF:/Users/ims/Desktop/notadd/notadd/apps/nest-upms/src/sso/sso.providers.ts
FNF:0
FNH:0
DA:2,8
DA:3,8
DA:4,8
DA:5,8
DA:6,8
LF:5
LH:5
BRF:0
BRH:0
end_of_record
TN:
SF:/Users/ims/Desktop/notadd/notadd/apps/nest-upms/src/sso/sso.resolver.ts
FN:10,(anonymous_0)
FN:15,(anonymous_1)
FN:23,(anonymous_2)
FN:32,(anonymous_3)
FN:41,(anonymous_4)
FNF:5
FNH:1
FNDA:8,(anonymous_0)
FNDA:0,(anonymous_1)
FNDA:0,(anonymous_2)
FNDA:0,(anonymous_3)
FNDA:0,(anonymous_4)
DA:1,8
DA:5,8
DA:6,8
DA:9,8
DA:10,8
DA:15,8
DA:16,0
DA:23,8
DA:24,0
DA:32,8
DA:33,0
DA:41,8
DA:42,0
LF:13
LH:9
BRF:0
BRH:0
end_of_record
TN:
SF:/Users/ims/Desktop/notadd/notadd/apps/nest-upms/src/sso/sso.service.impl.ts
FN:8,(anonymous_0)
FN:19,(anonymous_1)
FN:29,(anonymous_2)
FN:42,(anonymous_3)
FN:50,(anonymous_4)
FNF:5
FNH:1
FNDA:8,(anonymous_0)
FNDA:0,(anonymous_1)
FNDA:0,(anonymous_2)
FNDA:0,(anonymous_3)
FNDA:0,(anonymous_4)
DA:1,8
DA:2,8
DA:3,8
DA:4,8
DA:5,8
DA:7,8
DA:9,8
DA:10,8
DA:11,8
DA:12,8
DA:14,8
DA:22,0
DA:30,0
DA:31,0
DA:32,0
DA:35,0
DA:43,0
DA:51,0
LF:18
LH:11
BRF:0
BRH:0
end_of_record
TN:
SF:/Users/ims/Desktop/notadd/notadd/apps/nest-upms/src/sso/core/auth.service.ts
FNF:0
FNH:0
DA:2,8
LF:1
LH:1
BRF:0
BRH:0
end_of_record
TN:
SF:/Users/ims/Desktop/notadd/notadd/apps/nest-upms/src/sso/core/index.ts
FNF:0
FNH:0
DA:1,8
DA:2,8
LF:2
LH:2
BRF:0
BRH:0
end_of_record
TN:
SF:/Users/ims/Desktop/notadd/notadd/apps/nest-upms/src/sso/core/sso.service.ts
FNF:0
FNH:0
DA:2,8
LF:1
LH:1
BRF:0
BRH:0
end_of_record
TN:
SF:/Users/ims/Desktop/notadd/notadd/apps/nest-upms/src/sso/errors/index.ts
FN:2,(anonymous_0)
FN:8,(anonymous_1)
FN:14,(anonymous_2)
FN:20,(anonymous_3)
FN:26,(anonymous_4)
FN:32,(anonymous_5)
FNF:6
FNH:0
FNDA:0,(anonymous_0)
FNDA:0,(anonymous_1)
FNDA:0,(anonymous_2)
FNDA:0,(anonymous_3)
FNDA:0,(anonymous_4)
FNDA:0,(anonymous_5)
DA:1,0
DA:2,0
DA:3,0
DA:7,0
DA:9,0
DA:13,0
DA:15,0
DA:19,0
DA:21,0
DA:25,0
DA:27,0
DA:31,0
DA:33,0
LF:13
LH:0
BRF:0
BRH:0
end_of_record
TN:
SF:/Users/ims/Desktop/notadd/notadd/apps/nest-upms/src/typeorm/index.ts
FNF:0
FNH:0
DA:1,8
DA:2,8
DA:3,8
DA:4,8
DA:5,8
DA:6,8
DA:7,8
DA:8,8
DA:9,8
DA:10,8
DA:11,8
DA:12,8
DA:13,8
DA:14,8
DA:15,8
DA:16,8
DA:17,8
DA:18,8
DA:43,8
DA:46,8
DA:47,8
DA:48,8
DA:49,8
DA:50,8
DA:51,8
DA:52,8
DA:53,8
DA:54,8
DA:55,8
DA:56,8
DA:57,8
DA:58,8
DA:59,8
LF:33
LH:33
BRF:0
BRH:0
end_of_record
TN:
SF:/Users/ims/Desktop/notadd/notadd/apps/nest-upms/src/typeorm/entities/accessToken.entity.ts
FN:102,(anonymous_0)
FN:102,(anonymous_1)
FNF:2
FNH:2
FNDA:14,(anonymous_0)
FNDA:14,(anonymous_1)
DA:1,8
DA:2,8
DA:3,8
DA:8,8
DA:12,8
DA:22,8
DA:29,8
DA:36,8
DA:43,8
DA:50,8
DA:56,8
DA:63,8
DA:69,8
DA:75,8
DA:81,8
DA:87,8
DA:102,14
DA:103,8
LF:18
LH:18
BRF:0
BRH:0
end_of_record
TN:
SF:/Users/ims/Desktop/notadd/notadd/apps/nest-upms/src/typeorm/entities/addon.entity.ts
FN:47,(anonymous_0)
FN:50,(anonymous_1)
FNF:2
FNH:2
FNDA:4,(anonymous_0)
FNDA:1,(anonymous_1)
DA:1,8
DA:7,8
DA:10,8
DA:16,8
DA:23,8
DA:29,8
DA:35,8
DA:41,8
DA:48,4
DA:51,1
DA:52,1
DA:53,1
DA:57,1
DA:59,0
DA:63,0
DA:68,8
DA:73,8
DA:78,8
LF:18
LH:16
BRDA:51,0,0,1
BRDA:51,0,1,0
BRDA:51,1,0,1
BRDA:51,1,1,0
BRDA:54,2,0,0
BRDA:54,2,1,1
BRDA:54,2,2,1
BRDA:54,2,3,0
BRF:8
BRH:4
end_of_record
TN:
SF:/Users/ims/Desktop/notadd/notadd/apps/nest-upms/src/typeorm/entities/addonPermission.entity.ts
FNF:0
FNH:0
DA:1,8
DA:6,8
DA:11,8
DA:16,8
DA:23,8
DA:28,8
DA:33,8
LF:7
LH:7
BRF:0
BRH:0
end_of_record
TN:
SF:/Users/ims/Desktop/notadd/notadd/apps/nest-upms/src/typeorm/entities/article.entity.ts
FNF:0
FNH:0
DA:1,8
DA:6,8
DA:9,8
DA:16,8
DA:22,8
DA:28,8
DA:35,8
DA:41,8
DA:47,8
DA:52,8
DA:57,8
LF:11
LH:11
BRF:0
BRH:0
end_of_record
TN:
SF:/Users/ims/Desktop/notadd/notadd/apps/nest-upms/src/typeorm/entities/articleCategory.entity.ts
FNF:0
FNH:0
DA:1,8
DA:6,8
DA:9,8
DA:16,8
DA:22,8
DA:29,8
DA:35,8
DA:40,8
DA:45,8
LF:9
LH:9
BRF:0
BRH:0
end_of_record
TN:
SF:/Users/ims/Desktop/notadd/notadd/apps/nest-upms/src/typeorm/entities/articleComment.entity.ts
FNF:0
FNH:0
DA:1,8
DA:6,8
DA:9,8
DA:16,8
DA:22,8
DA:28,8
DA:34,8
DA:39,8
DA:44,8
LF:9
LH:9
BRF:0
BRH:0
end_of_record
TN:
SF:/Users/ims/Desktop/notadd/notadd/apps/nest-upms/src/typeorm/entities/logger.entity.ts
FN:3,(anonymous_0)
FN:47,(anonymous_1)
FN:51,(anonymous_2)
FNF:3
FNH:1
FNDA:16,(anonymous_0)
FNDA:0,(anonymous_1)
FNDA:0,(anonymous_2)
DA:1,8
DA:6,8
DA:11,8
DA:18,8
DA:25,8
DA:32,16
DA:39,16
DA:48,0
DA:49,0
DA:52,0
DA:56,8
DA:64,8
DA:72,8
DA:80,8
LF:14
LH:11
BRDA:48,0,0,0
BRDA:48,0,1,0
BRF:2
BRH:0
end_of_record
TN:
SF:/Users/ims/Desktop/notadd/notadd/apps/nest-upms/src/typeorm/entities/member.entity.ts
FNF:0
FNH:0
DA:1,8
DA:6,8
DA:8,8
DA:15,8
DA:22,8
DA:29,8
DA:35,8
DA:42,8
DA:49,8
DA:56,8
DA:63,8
DA:69,8
DA:75,8
LF:13
LH:13
BRF:0
BRH:0
end_of_record
TN:
SF:/Users/ims/Desktop/notadd/notadd/apps/nest-upms/src/typeorm/entities/message.entity.ts
FNF:0
FNH:0
DA:1,8
DA:6,8
DA:9,8
DA:15,8
DA:21,8
DA:28,8
DA:34,8
DA:40,8
DA:47,8
DA:54,8
DA:66,8
DA:73,8
DA:80,8
DA:86,8
DA:92,8
DA:98,8
DA:103,8
DA:108,8
LF:18
LH:18
BRF:0
BRH:0
end_of_record
TN:
SF:/Users/ims/Desktop/notadd/notadd/apps/nest-upms/src/typeorm/entities/organization.entity.ts
FN:2,(anonymous_0)
FNF:1
FNH:1
FNDA:19,(anonymous_0)
DA:1,8
DA:5,8
DA:9,8
DA:15,8
DA:21,8
DA:26,8
DA:31,19
DA:36,19
DA:42,8
LF:9
LH:9
BRF:0
BRH:0
end_of_record
TN:
SF:/Users/ims/Desktop/notadd/notadd/apps/nest-upms/src/typeorm/entities/permission.entity.ts
FN:7,(anonymous_0)
FNF:1
FNH:1
FNDA:25,(anonymous_0)
DA:1,8
DA:10,8
DA:15,8
DA:21,8
DA:27,8
DA:35,8
DA:41,8
DA:47,8
DA:56,8
DA:64,8
DA:72,25
DA:80,25
DA:89,8
LF:13
LH:13
BRF:0
BRH:0
end_of_record
TN:
SF:/Users/ims/Desktop/notadd/notadd/apps/nest-upms/src/typeorm/entities/post.entity.ts
FNF:0
FNH:0
DA:1,8
DA:6,8
DA:8,8
DA:15,8
DA:22,8
DA:28,8
DA:35,8
DA:41,8
DA:47,8
LF:9
LH:9
BRF:0
BRH:0
end_of_record
TN:
SF:/Users/ims/Desktop/notadd/notadd/apps/nest-upms/src/typeorm/entities/postCategory.entity.ts
FNF:0
FNH:0
DA:1,8
DA:6,8
DA:8,8
DA:15,8
DA:21,8
DA:27,8
DA:33,8
DA:39,8
LF:8
LH:8
BRF:0
BRH:0
end_of_record
TN:
SF:/Users/ims/Desktop/notadd/notadd/apps/nest-upms/src/typeorm/entities/refreshToken.entity.ts
FN:4,(anonymous_0)
FN:19,(anonymous_1)
FN:19,(anonymous_2)
FNF:3
FNH:3
FNDA:14,(anonymous_0)
FNDA:14,(anonymous_1)
FNDA:14,(anonymous_2)
DA:1,8
DA:3,8
DA:7,8
DA:11,8
DA:19,14
DA:23,8
DA:30,8
DA:36,8
DA:42,14
DA:48,14
LF:10
LH:10
BRF:0
BRH:0
end_of_record
TN:
SF:/Users/ims/Desktop/notadd/notadd/apps/nest-upms/src/typeorm/entities/role.entity.ts
FN:4,(anonymous_0)
FNF:1
FNH:1
FNDA:26,(anonymous_0)
DA:1,8
DA:7,8
DA:10,8
DA:18,8
DA:26,8
DA:33,8
DA:39,26
DA:45,26
DA:50,26
LF:9
LH:9
BRF:0
BRH:0
end_of_record
TN:
SF:/Users/ims/Desktop/notadd/notadd/apps/nest-upms/src/typeorm/entities/rolePermision.entity.ts
FNF:0
FNH:0
DA:1,8
DA:6,8
DA:9,8
DA:15,8
DA:21,8
LF:5
LH:5
BRF:0
BRH:0
end_of_record
TN:
SF:/Users/ims/Desktop/notadd/notadd/apps/nest-upms/src/typeorm/entities/user.entity.ts
FNF:0
FNH:0
DA:1,8
DA:9,8
DA:12,8
DA:18,8
DA:26,8
DA:34,8
DA:40,8
DA:47,8
DA:54,8
DA:61,8
DA:67,8
DA:73,8
DA:79,8
DA:92,8
DA:97,8
DA:102,8
LF:16
LH:16
BRF:0
BRH:0
end_of_record
TN:
SF:/Users/ims/Desktop/notadd/notadd/apps/nest-upms/src/typeorm/entities/userOrganization.entity.ts
FNF:0
FNH:0
DA:1,8
DA:7,8
DA:10,8
DA:13,8
DA:16,8
LF:5
LH:5
BRF:0
BRH:0
end_of_record
TN:
SF:/Users/ims/Desktop/notadd/notadd/apps/nest-upms/src/typeorm/entities/userPermission.entity.ts
FNF:0
FNH:0
DA:1,8
DA:6,8
DA:9,8
DA:16,8
DA:22,8
DA:27,8
LF:6
LH:6
BRF:0
BRH:0
end_of_record
TN:
SF:/Users/ims/Desktop/notadd/notadd/apps/nest-upms/src/typeorm/entities/userRole.entity.ts
FNF:0
FNH:0
DA:1,8
DA:6,8
DA:9,8
DA:16,8
DA:22,8
LF:5
LH:5
BRF:0
BRH:0
end_of_record
